build/app/intermediates/manifest_merge_blame_file/release/manifest-merger-blame-release-report.txt
1<?xml version="1.0" encoding="utf-8"?>
2<manifest xmlns:android="http://schemas.android.com/apk/res/android"
3    package="com.example.routier"
4    android:versionCode="1"
5    android:versionName="1.0.0" >
6
7    <uses-sdk
8        android:minSdkVersion="16"
8-->src/main/AndroidManifest.xml
9        android:targetSdkVersion="30" />
9-->src/main/AndroidManifest.xml
10
11    <application
11-->src/main/AndroidManifest.xml:3:4-32:19
12        android:appComponentFactory="androidx.core.app.CoreComponentFactory"
12-->[androidx.core:core:1.6.0] AndroidManifest.xml:24:18-86
13        android:icon="@mipmap/logo"
13-->src/main/AndroidManifest.xml:5:9-36
14        android:label="Le Routier" >
14-->src/main/AndroidManifest.xml:4:9-35
15        <activity
15-->src/main/AndroidManifest.xml:6:9-27:20
16            android:name="com.example.routier.MainActivity"
16-->src/main/AndroidManifest.xml:7:13-41
17            android:configChanges="orientation|keyboardHidden|keyboard|screenSize|smallestScreenSize|locale|layoutDirection|fontScale|screenLayout|density|uiMode"
17-->src/main/AndroidManifest.xml:10:13-163
18            android:hardwareAccelerated="true"
18-->src/main/AndroidManifest.xml:11:13-47
19            android:launchMode="singleTop"
19-->src/main/AndroidManifest.xml:8:13-43
20            android:theme="@style/LaunchTheme"
20-->src/main/AndroidManifest.xml:9:13-47
21            android:windowSoftInputMode="adjustResize" >
21-->src/main/AndroidManifest.xml:12:13-55
22            <meta-data
22-->src/main/AndroidManifest.xml:14:13-17:17
23                android:name="io.flutter.embedding.android.NormalTheme"
23-->src/main/AndroidManifest.xml:15:15-70
24                android:resource="@style/NormalTheme" />
24-->src/main/AndroidManifest.xml:16:15-52
25            <meta-data
25-->src/main/AndroidManifest.xml:19:13-22:17
26                android:name="io.flutter.embedding.android.SplashScreenDrawable"
26-->src/main/AndroidManifest.xml:20:15-79
27                android:resource="@drawable/launch_background" />
27-->src/main/AndroidManifest.xml:21:15-61
28
29            <intent-filter>
29-->src/main/AndroidManifest.xml:23:13-26:29
30                <action android:name="android.intent.action.MAIN" />
30-->src/main/AndroidManifest.xml:24:17-68
30-->src/main/AndroidManifest.xml:24:25-66
31
32                <category android:name="android.intent.category.LAUNCHER" />
32-->src/main/AndroidManifest.xml:25:17-76
32-->src/main/AndroidManifest.xml:25:27-74
33            </intent-filter>
34        </activity>
35
36        <meta-data
36-->src/main/AndroidManifest.xml:29:9-31:33
37            android:name="flutterEmbedding"
37-->src/main/AndroidManifest.xml:30:13-44
38            android:value="2" />
38-->src/main/AndroidManifest.xml:31:13-30
39    </application>
40
41</manifest>